| time  |reset|ARegister|DRegister|RAM64[16]|RAM64[17]|
| 1     |  0  |      16 |       0 |       0 |       0 |
| 2     |  0  |      16 |       0 |       1 |       0 |
| 3     |  0  |      17 |       0 |       1 |       0 |
| 4     |  0  |      17 |       0 |       1 |       0 |
| 5     |  0  |      16 |       0 |       1 |       0 |
| 6     |  0  |      16 |       1 |       1 |       0 |
| 7     |  0  |     100 |       1 |       1 |       0 |
| 8     |  0  |     100 |     -99 |       1 |       0 |
| 9     |  0  |      18 |     -99 |       1 |       0 |
| 10    |  0  |      18 |     -99 |       1 |       0 |
| 11    |  0  |      16 |     -99 |       1 |       0 |
| 12    |  0  |      16 |       1 |       1 |       0 |
| 13    |  0  |      17 |       1 |       1 |       0 |
| 14    |  0  |      17 |       1 |       1 |       1 |
| 15    |  0  |      16 |       1 |       1 |       1 |
| 16    |  0  |      16 |       1 |       2 |       1 |
| 17    |  0  |       4 |       1 |       2 |       1 |
| 18    |  0  |       4 |       1 |       2 |       1 |
| 19    |  0  |      16 |       1 |       2 |       1 |
| 20    |  0  |      16 |       2 |       2 |       1 |
| 21    |  0  |     100 |       2 |       2 |       1 |
| 22    |  0  |     100 |     -98 |       2 |       1 |
| 23    |  0  |      18 |     -98 |       2 |       1 |
| 24    |  0  |      18 |     -98 |       2 |       1 |
| 25    |  0  |      16 |     -98 |       2 |       1 |
| 26    |  0  |      16 |       2 |       2 |       1 |
| 27    |  0  |      17 |       2 |       2 |       1 |
| 28    |  0  |      17 |       2 |       2 |       3 |
| 29    |  0  |      16 |       2 |       2 |       3 |
| 30    |  0  |      16 |       2 |       3 |       3 |
| 31    |  0  |       4 |       2 |       3 |       3 |
| 32    |  0  |       4 |       2 |       3 |       3 |
| 33    |  0  |      16 |       2 |       3 |       3 |
| 34    |  0  |      16 |       3 |       3 |       3 |
| 35    |  0  |     100 |       3 |       3 |       3 |
| 36    |  0  |     100 |     -97 |       3 |       3 |
| 37    |  0  |      18 |     -97 |       3 |       3 |
| 38    |  0  |      18 |     -97 |       3 |       3 |
| 39    |  0  |      16 |     -97 |       3 |       3 |
| 40    |  0  |      16 |       3 |       3 |       3 |
| 41    |  0  |      17 |       3 |       3 |       3 |
| 42    |  0  |      17 |       3 |       3 |       6 |
| 43    |  0  |      16 |       3 |       3 |       6 |
| 44    |  0  |      16 |       3 |       4 |       6 |
| 45    |  0  |       4 |       3 |       4 |       6 |
| 46    |  0  |       4 |       3 |       4 |       6 |
| 47    |  0  |      16 |       3 |       4 |       6 |
| 48    |  0  |      16 |       4 |       4 |       6 |
| 49    |  0  |     100 |       4 |       4 |       6 |
| 50    |  0  |     100 |     -96 |       4 |       6 |
| 51    |  0  |      18 |     -96 |       4 |       6 |
| 52    |  0  |      18 |     -96 |       4 |       6 |
| 53    |  0  |      16 |     -96 |       4 |       6 |
| 54    |  0  |      16 |       4 |       4 |       6 |
| 55    |  0  |      17 |       4 |       4 |       6 |
| 56    |  0  |      17 |       4 |       4 |      10 |
| 57    |  0  |      16 |       4 |       4 |      10 |
| 58    |  0  |      16 |       4 |       5 |      10 |
| 59    |  0  |       4 |       4 |       5 |      10 |
| 60    |  0  |       4 |       4 |       5 |      10 |
| 61    |  0  |      16 |       4 |       5 |      10 |
| 62    |  0  |      16 |       5 |       5 |      10 |
| 63    |  0  |     100 |       5 |       5 |      10 |
| 64    |  0  |     100 |     -95 |       5 |      10 |
| 65    |  0  |      18 |     -95 |       5 |      10 |
| 66    |  0  |      18 |     -95 |       5 |      10 |
| 67    |  0  |      16 |     -95 |       5 |      10 |
| 68    |  0  |      16 |       5 |       5 |      10 |
| 69    |  0  |      17 |       5 |       5 |      10 |
| 70    |  0  |      17 |       5 |       5 |      15 |
| 71    |  0  |      16 |       5 |       5 |      15 |
| 72    |  0  |      16 |       5 |       6 |      15 |
| 73    |  0  |       4 |       5 |       6 |      15 |
| 74    |  0  |       4 |       5 |       6 |      15 |
| 75    |  0  |      16 |       5 |       6 |      15 |
| 76    |  0  |      16 |       6 |       6 |      15 |
| 77    |  0  |     100 |       6 |       6 |      15 |
| 78    |  0  |     100 |     -94 |       6 |      15 |
| 79    |  0  |      18 |     -94 |       6 |      15 |
| 80    |  0  |      18 |     -94 |       6 |      15 |
| 81    |  0  |      16 |     -94 |       6 |      15 |
| 82    |  0  |      16 |       6 |       6 |      15 |
| 83    |  0  |      17 |       6 |       6 |      15 |
| 84    |  0  |      17 |       6 |       6 |      21 |
| 85    |  0  |      16 |       6 |       6 |      21 |
| 86    |  0  |      16 |       6 |       7 |      21 |
| 87    |  0  |       4 |       6 |       7 |      21 |
| 88    |  0  |       4 |       6 |       7 |      21 |
| 89    |  0  |      16 |       6 |       7 |      21 |
| 90    |  0  |      16 |       7 |       7 |      21 |
| 91    |  0  |     100 |       7 |       7 |      21 |
| 92    |  0  |     100 |     -93 |       7 |      21 |
| 93    |  0  |      18 |     -93 |       7 |      21 |
| 94    |  0  |      18 |     -93 |       7 |      21 |
| 95    |  0  |      16 |     -93 |       7 |      21 |
| 96    |  0  |      16 |       7 |       7 |      21 |
| 97    |  0  |      17 |       7 |       7 |      21 |
| 98    |  0  |      17 |       7 |       7 |      28 |
| 99    |  0  |      16 |       7 |       7 |      28 |
| 100   |  0  |      16 |       7 |       8 |      28 |
| 101   |  0  |       4 |       7 |       8 |      28 |
| 102   |  0  |       4 |       7 |       8 |      28 |
| 103   |  0  |      16 |       7 |       8 |      28 |
| 104   |  0  |      16 |       8 |       8 |      28 |
| 105   |  0  |     100 |       8 |       8 |      28 |
| 106   |  0  |     100 |     -92 |       8 |      28 |
| 107   |  0  |      18 |     -92 |       8 |      28 |
| 108   |  0  |      18 |     -92 |       8 |      28 |
| 109   |  0  |      16 |     -92 |       8 |      28 |
| 110   |  0  |      16 |       8 |       8 |      28 |
| 111   |  0  |      17 |       8 |       8 |      28 |
| 112   |  0  |      17 |       8 |       8 |      36 |
| 113   |  0  |      16 |       8 |       8 |      36 |
| 114   |  0  |      16 |       8 |       9 |      36 |
| 115   |  0  |       4 |       8 |       9 |      36 |
| 116   |  0  |       4 |       8 |       9 |      36 |
| 117   |  0  |      16 |       8 |       9 |      36 |
| 118   |  0  |      16 |       9 |       9 |      36 |
| 119   |  0  |     100 |       9 |       9 |      36 |
| 120   |  0  |     100 |     -91 |       9 |      36 |
| 121   |  0  |      18 |     -91 |       9 |      36 |
| 122   |  0  |      18 |     -91 |       9 |      36 |
| 123   |  0  |      16 |     -91 |       9 |      36 |
| 124   |  0  |      16 |       9 |       9 |      36 |
| 125   |  0  |      17 |       9 |       9 |      36 |
| 126   |  0  |      17 |       9 |       9 |      45 |
| 127   |  0  |      16 |       9 |       9 |      45 |
| 128   |  0  |      16 |       9 |      10 |      45 |
| 129   |  0  |       4 |       9 |      10 |      45 |
| 130   |  0  |       4 |       9 |      10 |      45 |
| 131   |  0  |      16 |       9 |      10 |      45 |
| 132   |  0  |      16 |      10 |      10 |      45 |
| 133   |  0  |     100 |      10 |      10 |      45 |
| 134   |  0  |     100 |     -90 |      10 |      45 |
| 135   |  0  |      18 |     -90 |      10 |      45 |
| 136   |  0  |      18 |     -90 |      10 |      45 |
| 137   |  0  |      16 |     -90 |      10 |      45 |
| 138   |  0  |      16 |      10 |      10 |      45 |
| 139   |  0  |      17 |      10 |      10 |      45 |
| 140   |  0  |      17 |      10 |      10 |      55 |
| 141   |  0  |      16 |      10 |      10 |      55 |
| 142   |  0  |      16 |      10 |      11 |      55 |
| 143   |  0  |       4 |      10 |      11 |      55 |
| 144   |  0  |       4 |      10 |      11 |      55 |
| 145   |  0  |      16 |      10 |      11 |      55 |
| 146   |  0  |      16 |      11 |      11 |      55 |
| 147   |  0  |     100 |      11 |      11 |      55 |
| 148   |  0  |     100 |     -89 |      11 |      55 |
| 149   |  0  |      18 |     -89 |      11 |      55 |
| 150   |  0  |      18 |     -89 |      11 |      55 |
| 151   |  0  |      16 |     -89 |      11 |      55 |
| 152   |  0  |      16 |      11 |      11 |      55 |
| 153   |  0  |      17 |      11 |      11 |      55 |
| 154   |  0  |      17 |      11 |      11 |      66 |
| 155   |  0  |      16 |      11 |      11 |      66 |
| 156   |  0  |      16 |      11 |      12 |      66 |
| 157   |  0  |       4 |      11 |      12 |      66 |
| 158   |  0  |       4 |      11 |      12 |      66 |
| 159   |  0  |      16 |      11 |      12 |      66 |
| 160   |  0  |      16 |      12 |      12 |      66 |
| 161   |  0  |     100 |      12 |      12 |      66 |
| 162   |  0  |     100 |     -88 |      12 |      66 |
| 163   |  0  |      18 |     -88 |      12 |      66 |
| 164   |  0  |      18 |     -88 |      12 |      66 |
| 165   |  0  |      16 |     -88 |      12 |      66 |
| 166   |  0  |      16 |      12 |      12 |      66 |
| 167   |  0  |      17 |      12 |      12 |      66 |
| 168   |  0  |      17 |      12 |      12 |      78 |
| 169   |  0  |      16 |      12 |      12 |      78 |
| 170   |  0  |      16 |      12 |      13 |      78 |
| 171   |  0  |       4 |      12 |      13 |      78 |
| 172   |  0  |       4 |      12 |      13 |      78 |
| 173   |  0  |      16 |      12 |      13 |      78 |
| 174   |  0  |      16 |      13 |      13 |      78 |
| 175   |  0  |     100 |      13 |      13 |      78 |
| 176   |  0  |     100 |     -87 |      13 |      78 |
| 177   |  0  |      18 |     -87 |      13 |      78 |
| 178   |  0  |      18 |     -87 |      13 |      78 |
| 179   |  0  |      16 |     -87 |      13 |      78 |
| 180   |  0  |      16 |      13 |      13 |      78 |
| 181   |  0  |      17 |      13 |      13 |      78 |
| 182   |  0  |      17 |      13 |      13 |      91 |
| 183   |  0  |      16 |      13 |      13 |      91 |
| 184   |  0  |      16 |      13 |      14 |      91 |
| 185   |  0  |       4 |      13 |      14 |      91 |
| 186   |  0  |       4 |      13 |      14 |      91 |
| 187   |  0  |      16 |      13 |      14 |      91 |
| 188   |  0  |      16 |      14 |      14 |      91 |
| 189   |  0  |     100 |      14 |      14 |      91 |
| 190   |  0  |     100 |     -86 |      14 |      91 |
| 191   |  0  |      18 |     -86 |      14 |      91 |
| 192   |  0  |      18 |     -86 |      14 |      91 |
| 193   |  0  |      16 |     -86 |      14 |      91 |
| 194   |  0  |      16 |      14 |      14 |      91 |
| 195   |  0  |      17 |      14 |      14 |      91 |
| 196   |  0  |      17 |      14 |      14 |     105 |
| 197   |  0  |      16 |      14 |      14 |     105 |
| 198   |  0  |      16 |      14 |      15 |     105 |
| 199   |  0  |       4 |      14 |      15 |     105 |
| 200   |  0  |       4 |      14 |      15 |     105 |
| 201   |  0  |      16 |      14 |      15 |     105 |
| 202   |  0  |      16 |      15 |      15 |     105 |
| 203   |  0  |     100 |      15 |      15 |     105 |
| 204   |  0  |     100 |     -85 |      15 |     105 |
| 205   |  0  |      18 |     -85 |      15 |     105 |
| 206   |  0  |      18 |     -85 |      15 |     105 |
| 207   |  0  |      16 |     -85 |      15 |     105 |
| 208   |  0  |      16 |      15 |      15 |     105 |
| 209   |  0  |      17 |      15 |      15 |     105 |
| 210   |  0  |      17 |      15 |      15 |     120 |
| 211   |  0  |      16 |      15 |      15 |     120 |
| 212   |  0  |      16 |      15 |      16 |     120 |
| 213   |  0  |       4 |      15 |      16 |     120 |
| 214   |  0  |       4 |      15 |      16 |     120 |
| 215   |  0  |      16 |      15 |      16 |     120 |
| 216   |  0  |      16 |      16 |      16 |     120 |
| 217   |  0  |     100 |      16 |      16 |     120 |
| 218   |  0  |     100 |     -84 |      16 |     120 |
| 219   |  0  |      18 |     -84 |      16 |     120 |
| 220   |  0  |      18 |     -84 |      16 |     120 |
| 221   |  0  |      16 |     -84 |      16 |     120 |
| 222   |  0  |      16 |      16 |      16 |     120 |
| 223   |  0  |      17 |      16 |      16 |     120 |
| 224   |  0  |      17 |      16 |      16 |     136 |
| 225   |  0  |      16 |      16 |      16 |     136 |
| 226   |  0  |      16 |      16 |      17 |     136 |
| 227   |  0  |       4 |      16 |      17 |     136 |
| 228   |  0  |       4 |      16 |      17 |     136 |
| 229   |  0  |      16 |      16 |      17 |     136 |
| 230   |  0  |      16 |      17 |      17 |     136 |
| 231   |  0  |     100 |      17 |      17 |     136 |
| 232   |  0  |     100 |     -83 |      17 |     136 |
| 233   |  0  |      18 |     -83 |      17 |     136 |
| 234   |  0  |      18 |     -83 |      17 |     136 |
| 235   |  0  |      16 |     -83 |      17 |     136 |
| 236   |  0  |      16 |      17 |      17 |     136 |
| 237   |  0  |      17 |      17 |      17 |     136 |
| 238   |  0  |      17 |      17 |      17 |     153 |
| 239   |  0  |      16 |      17 |      17 |     153 |
| 240   |  0  |      16 |      17 |      18 |     153 |
| 241   |  0  |       4 |      17 |      18 |     153 |
| 242   |  0  |       4 |      17 |      18 |     153 |
| 243   |  0  |      16 |      17 |      18 |     153 |
| 244   |  0  |      16 |      18 |      18 |     153 |
| 245   |  0  |     100 |      18 |      18 |     153 |
| 246   |  0  |     100 |     -82 |      18 |     153 |
| 247   |  0  |      18 |     -82 |      18 |     153 |
| 248   |  0  |      18 |     -82 |      18 |     153 |
| 249   |  0  |      16 |     -82 |      18 |     153 |
| 250   |  0  |      16 |      18 |      18 |     153 |
| 251   |  0  |      17 |      18 |      18 |     153 |
| 252   |  0  |      17 |      18 |      18 |     171 |
| 253   |  0  |      16 |      18 |      18 |     171 |
| 254   |  0  |      16 |      18 |      19 |     171 |
| 255   |  0  |       4 |      18 |      19 |     171 |
| 256   |  0  |       4 |      18 |      19 |     171 |
| 257   |  0  |      16 |      18 |      19 |     171 |
| 258   |  0  |      16 |      19 |      19 |     171 |
| 259   |  0  |     100 |      19 |      19 |     171 |
| 260   |  0  |     100 |     -81 |      19 |     171 |
| 261   |  0  |      18 |     -81 |      19 |     171 |
| 262   |  0  |      18 |     -81 |      19 |     171 |
| 263   |  0  |      16 |     -81 |      19 |     171 |
| 264   |  0  |      16 |      19 |      19 |     171 |
| 265   |  0  |      17 |      19 |      19 |     171 |
| 266   |  0  |      17 |      19 |      19 |     190 |
| 267   |  0  |      16 |      19 |      19 |     190 |
| 268   |  0  |      16 |      19 |      20 |     190 |
| 269   |  0  |       4 |      19 |      20 |     190 |
| 270   |  0  |       4 |      19 |      20 |     190 |
| 271   |  0  |      16 |      19 |      20 |     190 |
| 272   |  0  |      16 |      20 |      20 |     190 |
| 273   |  0  |     100 |      20 |      20 |     190 |
| 274   |  0  |     100 |     -80 |      20 |     190 |
| 275   |  0  |      18 |     -80 |      20 |     190 |
| 276   |  0  |      18 |     -80 |      20 |     190 |
| 277   |  0  |      16 |     -80 |      20 |     190 |
| 278   |  0  |      16 |      20 |      20 |     190 |
| 279   |  0  |      17 |      20 |      20 |     190 |
| 280   |  0  |      17 |      20 |      20 |     210 |
| 281   |  0  |      16 |      20 |      20 |     210 |
| 282   |  0  |      16 |      20 |      21 |     210 |
| 283   |  0  |       4 |      20 |      21 |     210 |
| 284   |  0  |       4 |      20 |      21 |     210 |
| 285   |  0  |      16 |      20 |      21 |     210 |
| 286   |  0  |      16 |      21 |      21 |     210 |
| 287   |  0  |     100 |      21 |      21 |     210 |
| 288   |  0  |     100 |     -79 |      21 |     210 |
| 289   |  0  |      18 |     -79 |      21 |     210 |
| 290   |  0  |      18 |     -79 |      21 |     210 |
| 291   |  0  |      16 |     -79 |      21 |     210 |
| 292   |  0  |      16 |      21 |      21 |     210 |
| 293   |  0  |      17 |      21 |      21 |     210 |
| 294   |  0  |      17 |      21 |      21 |     231 |
| 295   |  0  |      16 |      21 |      21 |     231 |
| 296   |  0  |      16 |      21 |      22 |     231 |
| 297   |  0  |       4 |      21 |      22 |     231 |
| 298   |  0  |       4 |      21 |      22 |     231 |
| 299   |  0  |      16 |      21 |      22 |     231 |
| 300   |  0  |      16 |      22 |      22 |     231 |
| 301   |  0  |     100 |      22 |      22 |     231 |
| 302   |  0  |     100 |     -78 |      22 |     231 |
| 303   |  0  |      18 |     -78 |      22 |     231 |
| 304   |  0  |      18 |     -78 |      22 |     231 |
| 305   |  0  |      16 |     -78 |      22 |     231 |
| 306   |  0  |      16 |      22 |      22 |     231 |
| 307   |  0  |      17 |      22 |      22 |     231 |
| 308   |  0  |      17 |      22 |      22 |     253 |
| 309   |  0  |      16 |      22 |      22 |     253 |
| 310   |  0  |      16 |      22 |      23 |     253 |
| 311   |  0  |       4 |      22 |      23 |     253 |
| 312   |  0  |       4 |      22 |      23 |     253 |
| 313   |  0  |      16 |      22 |      23 |     253 |
| 314   |  0  |      16 |      23 |      23 |     253 |
| 315   |  0  |     100 |      23 |      23 |     253 |
| 316   |  0  |     100 |     -77 |      23 |     253 |
| 317   |  0  |      18 |     -77 |      23 |     253 |
| 318   |  0  |      18 |     -77 |      23 |     253 |
| 319   |  0  |      16 |     -77 |      23 |     253 |
| 320   |  0  |      16 |      23 |      23 |     253 |
| 321   |  0  |      17 |      23 |      23 |     253 |
| 322   |  0  |      17 |      23 |      23 |     276 |
| 323   |  0  |      16 |      23 |      23 |     276 |
| 324   |  0  |      16 |      23 |      24 |     276 |
| 325   |  0  |       4 |      23 |      24 |     276 |
| 326   |  0  |       4 |      23 |      24 |     276 |
| 327   |  0  |      16 |      23 |      24 |     276 |
| 328   |  0  |      16 |      24 |      24 |     276 |
| 329   |  0  |     100 |      24 |      24 |     276 |
| 330   |  0  |     100 |     -76 |      24 |     276 |
| 331   |  0  |      18 |     -76 |      24 |     276 |
| 332   |  0  |      18 |     -76 |      24 |     276 |
| 333   |  0  |      16 |     -76 |      24 |     276 |
| 334   |  0  |      16 |      24 |      24 |     276 |
| 335   |  0  |      17 |      24 |      24 |     276 |
| 336   |  0  |      17 |      24 |      24 |     300 |
| 337   |  0  |      16 |      24 |      24 |     300 |
| 338   |  0  |      16 |      24 |      25 |     300 |
| 339   |  0  |       4 |      24 |      25 |     300 |
| 340   |  0  |       4 |      24 |      25 |     300 |
| 341   |  0  |      16 |      24 |      25 |     300 |
| 342   |  0  |      16 |      25 |      25 |     300 |
| 343   |  0  |     100 |      25 |      25 |     300 |
| 344   |  0  |     100 |     -75 |      25 |     300 |
| 345   |  0  |      18 |     -75 |      25 |     300 |
| 346   |  0  |      18 |     -75 |      25 |     300 |
| 347   |  0  |      16 |     -75 |      25 |     300 |
| 348   |  0  |      16 |      25 |      25 |     300 |
| 349   |  0  |      17 |      25 |      25 |     300 |
| 350   |  0  |      17 |      25 |      25 |     325 |
| 351   |  0  |      16 |      25 |      25 |     325 |
| 352   |  0  |      16 |      25 |      26 |     325 |
| 353   |  0  |       4 |      25 |      26 |     325 |
| 354   |  0  |       4 |      25 |      26 |     325 |
| 355   |  0  |      16 |      25 |      26 |     325 |
| 356   |  0  |      16 |      26 |      26 |     325 |
| 357   |  0  |     100 |      26 |      26 |     325 |
| 358   |  0  |     100 |     -74 |      26 |     325 |
| 359   |  0  |      18 |     -74 |      26 |     325 |
| 360   |  0  |      18 |     -74 |      26 |     325 |
| 361   |  0  |      16 |     -74 |      26 |     325 |
| 362   |  0  |      16 |      26 |      26 |     325 |
| 363   |  0  |      17 |      26 |      26 |     325 |
| 364   |  0  |      17 |      26 |      26 |     351 |
| 365   |  0  |      16 |      26 |      26 |     351 |
| 366   |  0  |      16 |      26 |      27 |     351 |
| 367   |  0  |       4 |      26 |      27 |     351 |
| 368   |  0  |       4 |      26 |      27 |     351 |
| 369   |  0  |      16 |      26 |      27 |     351 |
| 370   |  0  |      16 |      27 |      27 |     351 |
| 371   |  0  |     100 |      27 |      27 |     351 |
| 372   |  0  |     100 |     -73 |      27 |     351 |
| 373   |  0  |      18 |     -73 |      27 |     351 |
| 374   |  0  |      18 |     -73 |      27 |     351 |
| 375   |  0  |      16 |     -73 |      27 |     351 |
| 376   |  0  |      16 |      27 |      27 |     351 |
| 377   |  0  |      17 |      27 |      27 |     351 |
| 378   |  0  |      17 |      27 |      27 |     378 |
| 379   |  0  |      16 |      27 |      27 |     378 |
| 380   |  0  |      16 |      27 |      28 |     378 |
| 381   |  0  |       4 |      27 |      28 |     378 |
| 382   |  0  |       4 |      27 |      28 |     378 |
| 383   |  0  |      16 |      27 |      28 |     378 |
| 384   |  0  |      16 |      28 |      28 |     378 |
| 385   |  0  |     100 |      28 |      28 |     378 |
| 386   |  0  |     100 |     -72 |      28 |     378 |
| 387   |  0  |      18 |     -72 |      28 |     378 |
| 388   |  0  |      18 |     -72 |      28 |     378 |
| 389   |  0  |      16 |     -72 |      28 |     378 |
| 390   |  0  |      16 |      28 |      28 |     378 |
| 391   |  0  |      17 |      28 |      28 |     378 |
| 392   |  0  |      17 |      28 |      28 |     406 |
| 393   |  0  |      16 |      28 |      28 |     406 |
| 394   |  0  |      16 |      28 |      29 |     406 |
| 395   |  0  |       4 |      28 |      29 |     406 |
| 396   |  0  |       4 |      28 |      29 |     406 |
| 397   |  0  |      16 |      28 |      29 |     406 |
| 398   |  0  |      16 |      29 |      29 |     406 |
| 399   |  0  |     100 |      29 |      29 |     406 |
| 400   |  0  |     100 |     -71 |      29 |     406 |
| 401   |  0  |      18 |     -71 |      29 |     406 |
| 402   |  0  |      18 |     -71 |      29 |     406 |
| 403   |  0  |      16 |     -71 |      29 |     406 |
| 404   |  0  |      16 |      29 |      29 |     406 |
| 405   |  0  |      17 |      29 |      29 |     406 |
| 406   |  0  |      17 |      29 |      29 |     435 |
| 407   |  0  |      16 |      29 |      29 |     435 |
| 408   |  0  |      16 |      29 |      30 |     435 |
| 409   |  0  |       4 |      29 |      30 |     435 |
| 410   |  0  |       4 |      29 |      30 |     435 |
| 411   |  0  |      16 |      29 |      30 |     435 |
| 412   |  0  |      16 |      30 |      30 |     435 |
| 413   |  0  |     100 |      30 |      30 |     435 |
| 414   |  0  |     100 |     -70 |      30 |     435 |
| 415   |  0  |      18 |     -70 |      30 |     435 |
| 416   |  0  |      18 |     -70 |      30 |     435 |
| 417   |  0  |      16 |     -70 |      30 |     435 |
| 418   |  0  |      16 |      30 |      30 |     435 |
| 419   |  0  |      17 |      30 |      30 |     435 |
| 420   |  0  |      17 |      30 |      30 |     465 |
| 421   |  0  |      16 |      30 |      30 |     465 |
| 422   |  0  |      16 |      30 |      31 |     465 |
| 423   |  0  |       4 |      30 |      31 |     465 |
| 424   |  0  |       4 |      30 |      31 |     465 |
| 425   |  0  |      16 |      30 |      31 |     465 |
| 426   |  0  |      16 |      31 |      31 |     465 |
| 427   |  0  |     100 |      31 |      31 |     465 |
| 428   |  0  |     100 |     -69 |      31 |     465 |
| 429   |  0  |      18 |     -69 |      31 |     465 |
| 430   |  0  |      18 |     -69 |      31 |     465 |
| 431   |  0  |      16 |     -69 |      31 |     465 |
| 432   |  0  |      16 |      31 |      31 |     465 |
| 433   |  0  |      17 |      31 |      31 |     465 |
| 434   |  0  |      17 |      31 |      31 |     496 |
| 435   |  0  |      16 |      31 |      31 |     496 |
| 436   |  0  |      16 |      31 |      32 |     496 |
| 437   |  0  |       4 |      31 |      32 |     496 |
| 438   |  0  |       4 |      31 |      32 |     496 |
| 439   |  0  |      16 |      31 |      32 |     496 |
| 440   |  0  |      16 |      32 |      32 |     496 |
| 441   |  0  |     100 |      32 |      32 |     496 |
| 442   |  0  |     100 |     -68 |      32 |     496 |
| 443   |  0  |      18 |     -68 |      32 |     496 |
| 444   |  0  |      18 |     -68 |      32 |     496 |
| 445   |  0  |      16 |     -68 |      32 |     496 |
| 446   |  0  |      16 |      32 |      32 |     496 |
| 447   |  0  |      17 |      32 |      32 |     496 |
| 448   |  0  |      17 |      32 |      32 |     528 |
| 449   |  0  |      16 |      32 |      32 |     528 |
| 450   |  0  |      16 |      32 |      33 |     528 |
| 451   |  0  |       4 |      32 |      33 |     528 |
| 452   |  0  |       4 |      32 |      33 |     528 |
| 453   |  0  |      16 |      32 |      33 |     528 |
| 454   |  0  |      16 |      33 |      33 |     528 |
| 455   |  0  |     100 |      33 |      33 |     528 |
| 456   |  0  |     100 |     -67 |      33 |     528 |
| 457   |  0  |      18 |     -67 |      33 |     528 |
| 458   |  0  |      18 |     -67 |      33 |     528 |
| 459   |  0  |      16 |     -67 |      33 |     528 |
| 460   |  0  |      16 |      33 |      33 |     528 |
| 461   |  0  |      17 |      33 |      33 |     528 |
| 462   |  0  |      17 |      33 |      33 |     561 |
| 463   |  0  |      16 |      33 |      33 |     561 |
| 464   |  0  |      16 |      33 |      34 |     561 |
| 465   |  0  |       4 |      33 |      34 |     561 |
| 466   |  0  |       4 |      33 |      34 |     561 |
| 467   |  0  |      16 |      33 |      34 |     561 |
| 468   |  0  |      16 |      34 |      34 |     561 |
| 469   |  0  |     100 |      34 |      34 |     561 |
| 470   |  0  |     100 |     -66 |      34 |     561 |
| 471   |  0  |      18 |     -66 |      34 |     561 |
| 472   |  0  |      18 |     -66 |      34 |     561 |
| 473   |  0  |      16 |     -66 |      34 |     561 |
| 474   |  0  |      16 |      34 |      34 |     561 |
| 475   |  0  |      17 |      34 |      34 |     561 |
| 476   |  0  |      17 |      34 |      34 |     595 |
| 477   |  0  |      16 |      34 |      34 |     595 |
| 478   |  0  |      16 |      34 |      35 |     595 |
| 479   |  0  |       4 |      34 |      35 |     595 |
| 480   |  0  |       4 |      34 |      35 |     595 |
| 481   |  0  |      16 |      34 |      35 |     595 |
| 482   |  0  |      16 |      35 |      35 |     595 |
| 483   |  0  |     100 |      35 |      35 |     595 |
| 484   |  0  |     100 |     -65 |      35 |     595 |
| 485   |  0  |      18 |     -65 |      35 |     595 |
| 486   |  0  |      18 |     -65 |      35 |     595 |
| 487   |  0  |      16 |     -65 |      35 |     595 |
| 488   |  0  |      16 |      35 |      35 |     595 |
| 489   |  0  |      17 |      35 |      35 |     595 |
| 490   |  0  |      17 |      35 |      35 |     630 |
| 491   |  0  |      16 |      35 |      35 |     630 |
| 492   |  0  |      16 |      35 |      36 |     630 |
| 493   |  0  |       4 |      35 |      36 |     630 |
| 494   |  0  |       4 |      35 |      36 |     630 |
| 495   |  0  |      16 |      35 |      36 |     630 |
| 496   |  0  |      16 |      36 |      36 |     630 |
| 497   |  0  |     100 |      36 |      36 |     630 |
| 498   |  0  |     100 |     -64 |      36 |     630 |
| 499   |  0  |      18 |     -64 |      36 |     630 |
| 500   |  0  |      18 |     -64 |      36 |     630 |
| 501   |  0  |      16 |     -64 |      36 |     630 |
| 502   |  0  |      16 |      36 |      36 |     630 |
| 503   |  0  |      17 |      36 |      36 |     630 |
| 504   |  0  |      17 |      36 |      36 |     666 |
| 505   |  0  |      16 |      36 |      36 |     666 |
| 506   |  0  |      16 |      36 |      37 |     666 |
| 507   |  0  |       4 |      36 |      37 |     666 |
| 508   |  0  |       4 |      36 |      37 |     666 |
| 509   |  0  |      16 |      36 |      37 |     666 |
| 510   |  0  |      16 |      37 |      37 |     666 |
| 511   |  0  |     100 |      37 |      37 |     666 |
| 512   |  0  |     100 |     -63 |      37 |     666 |
| 513   |  0  |      18 |     -63 |      37 |     666 |
| 514   |  0  |      18 |     -63 |      37 |     666 |
| 515   |  0  |      16 |     -63 |      37 |     666 |
| 516   |  0  |      16 |      37 |      37 |     666 |
| 517   |  0  |      17 |      37 |      37 |     666 |
| 518   |  0  |      17 |      37 |      37 |     703 |
| 519   |  0  |      16 |      37 |      37 |     703 |
| 520   |  0  |      16 |      37 |      38 |     703 |
| 521   |  0  |       4 |      37 |      38 |     703 |
| 522   |  0  |       4 |      37 |      38 |     703 |
| 523   |  0  |      16 |      37 |      38 |     703 |
| 524   |  0  |      16 |      38 |      38 |     703 |
| 525   |  0  |     100 |      38 |      38 |     703 |
| 526   |  0  |     100 |     -62 |      38 |     703 |
| 527   |  0  |      18 |     -62 |      38 |     703 |
| 528   |  0  |      18 |     -62 |      38 |     703 |
| 529   |  0  |      16 |     -62 |      38 |     703 |
| 530   |  0  |      16 |      38 |      38 |     703 |
| 531   |  0  |      17 |      38 |      38 |     703 |
| 532   |  0  |      17 |      38 |      38 |     741 |
| 533   |  0  |      16 |      38 |      38 |     741 |
| 534   |  0  |      16 |      38 |      39 |     741 |
| 535   |  0  |       4 |      38 |      39 |     741 |
| 536   |  0  |       4 |      38 |      39 |     741 |
| 537   |  0  |      16 |      38 |      39 |     741 |
| 538   |  0  |      16 |      39 |      39 |     741 |
| 539   |  0  |     100 |      39 |      39 |     741 |
| 540   |  0  |     100 |     -61 |      39 |     741 |
| 541   |  0  |      18 |     -61 |      39 |     741 |
| 542   |  0  |      18 |     -61 |      39 |     741 |
| 543   |  0  |      16 |     -61 |      39 |     741 |
| 544   |  0  |      16 |      39 |      39 |     741 |
| 545   |  0  |      17 |      39 |      39 |     741 |
| 546   |  0  |      17 |      39 |      39 |     780 |
| 547   |  0  |      16 |      39 |      39 |     780 |
| 548   |  0  |      16 |      39 |      40 |     780 |
| 549   |  0  |       4 |      39 |      40 |     780 |
| 550   |  0  |       4 |      39 |      40 |     780 |
| 551   |  0  |      16 |      39 |      40 |     780 |
| 552   |  0  |      16 |      40 |      40 |     780 |
| 553   |  0  |     100 |      40 |      40 |     780 |
| 554   |  0  |     100 |     -60 |      40 |     780 |
| 555   |  0  |      18 |     -60 |      40 |     780 |
| 556   |  0  |      18 |     -60 |      40 |     780 |
| 557   |  0  |      16 |     -60 |      40 |     780 |
| 558   |  0  |      16 |      40 |      40 |     780 |
| 559   |  0  |      17 |      40 |      40 |     780 |
| 560   |  0  |      17 |      40 |      40 |     820 |
| 561   |  0  |      16 |      40 |      40 |     820 |
| 562   |  0  |      16 |      40 |      41 |     820 |
| 563   |  0  |       4 |      40 |      41 |     820 |
| 564   |  0  |       4 |      40 |      41 |     820 |
| 565   |  0  |      16 |      40 |      41 |     820 |
| 566   |  0  |      16 |      41 |      41 |     820 |
| 567   |  0  |     100 |      41 |      41 |     820 |
| 568   |  0  |     100 |     -59 |      41 |     820 |
| 569   |  0  |      18 |     -59 |      41 |     820 |
| 570   |  0  |      18 |     -59 |      41 |     820 |
| 571   |  0  |      16 |     -59 |      41 |     820 |
| 572   |  0  |      16 |      41 |      41 |     820 |
| 573   |  0  |      17 |      41 |      41 |     820 |
| 574   |  0  |      17 |      41 |      41 |     861 |
| 575   |  0  |      16 |      41 |      41 |     861 |
| 576   |  0  |      16 |      41 |      42 |     861 |
| 577   |  0  |       4 |      41 |      42 |     861 |
| 578   |  0  |       4 |      41 |      42 |     861 |
| 579   |  0  |      16 |      41 |      42 |     861 |
| 580   |  0  |      16 |      42 |      42 |     861 |
| 581   |  0  |     100 |      42 |      42 |     861 |
| 582   |  0  |     100 |     -58 |      42 |     861 |
| 583   |  0  |      18 |     -58 |      42 |     861 |
| 584   |  0  |      18 |     -58 |      42 |     861 |
| 585   |  0  |      16 |     -58 |      42 |     861 |
| 586   |  0  |      16 |      42 |      42 |     861 |
| 587   |  0  |      17 |      42 |      42 |     861 |
| 588   |  0  |      17 |      42 |      42 |     903 |
| 589   |  0  |      16 |      42 |      42 |     903 |
| 590   |  0  |      16 |      42 |      43 |     903 |
| 591   |  0  |       4 |      42 |      43 |     903 |
| 592   |  0  |       4 |      42 |      43 |     903 |
| 593   |  0  |      16 |      42 |      43 |     903 |
| 594   |  0  |      16 |      43 |      43 |     903 |
| 595   |  0  |     100 |      43 |      43 |     903 |
| 596   |  0  |     100 |     -57 |      43 |     903 |
| 597   |  0  |      18 |     -57 |      43 |     903 |
| 598   |  0  |      18 |     -57 |      43 |     903 |
| 599   |  0  |      16 |     -57 |      43 |     903 |
| 600   |  0  |      16 |      43 |      43 |     903 |
| 601   |  0  |      17 |      43 |      43 |     903 |
| 602   |  0  |      17 |      43 |      43 |     946 |
| 603   |  0  |      16 |      43 |      43 |     946 |
| 604   |  0  |      16 |      43 |      44 |     946 |
| 605   |  0  |       4 |      43 |      44 |     946 |
| 606   |  0  |       4 |      43 |      44 |     946 |
| 607   |  0  |      16 |      43 |      44 |     946 |
| 608   |  0  |      16 |      44 |      44 |     946 |
| 609   |  0  |     100 |      44 |      44 |     946 |
| 610   |  0  |     100 |     -56 |      44 |     946 |
| 611   |  0  |      18 |     -56 |      44 |     946 |
| 612   |  0  |      18 |     -56 |      44 |     946 |
| 613   |  0  |      16 |     -56 |      44 |     946 |
| 614   |  0  |      16 |      44 |      44 |     946 |
| 615   |  0  |      17 |      44 |      44 |     946 |
| 616   |  0  |      17 |      44 |      44 |     990 |
| 617   |  0  |      16 |      44 |      44 |     990 |
| 618   |  0  |      16 |      44 |      45 |     990 |
| 619   |  0  |       4 |      44 |      45 |     990 |
| 620   |  0  |       4 |      44 |      45 |     990 |
| 621   |  0  |      16 |      44 |      45 |     990 |
| 622   |  0  |      16 |      45 |      45 |     990 |
| 623   |  0  |     100 |      45 |      45 |     990 |
| 624   |  0  |     100 |     -55 |      45 |     990 |
| 625   |  0  |      18 |     -55 |      45 |     990 |
| 626   |  0  |      18 |     -55 |      45 |     990 |
| 627   |  0  |      16 |     -55 |      45 |     990 |
| 628   |  0  |      16 |      45 |      45 |     990 |
| 629   |  0  |      17 |      45 |      45 |     990 |
| 630   |  0  |      17 |      45 |      45 |    1035 |
| 631   |  0  |      16 |      45 |      45 |    1035 |
| 632   |  0  |      16 |      45 |      46 |    1035 |
| 633   |  0  |       4 |      45 |      46 |    1035 |
| 634   |  0  |       4 |      45 |      46 |    1035 |
| 635   |  0  |      16 |      45 |      46 |    1035 |
| 636   |  0  |      16 |      46 |      46 |    1035 |
| 637   |  0  |     100 |      46 |      46 |    1035 |
| 638   |  0  |     100 |     -54 |      46 |    1035 |
| 639   |  0  |      18 |     -54 |      46 |    1035 |
| 640   |  0  |      18 |     -54 |      46 |    1035 |
| 641   |  0  |      16 |     -54 |      46 |    1035 |
| 642   |  0  |      16 |      46 |      46 |    1035 |
| 643   |  0  |      17 |      46 |      46 |    1035 |
| 644   |  0  |      17 |      46 |      46 |    1081 |
| 645   |  0  |      16 |      46 |      46 |    1081 |
| 646   |  0  |      16 |      46 |      47 |    1081 |
| 647   |  0  |       4 |      46 |      47 |    1081 |
| 648   |  0  |       4 |      46 |      47 |    1081 |
| 649   |  0  |      16 |      46 |      47 |    1081 |
| 650   |  0  |      16 |      47 |      47 |    1081 |
| 651   |  0  |     100 |      47 |      47 |    1081 |
| 652   |  0  |     100 |     -53 |      47 |    1081 |
| 653   |  0  |      18 |     -53 |      47 |    1081 |
| 654   |  0  |      18 |     -53 |      47 |    1081 |
| 655   |  0  |      16 |     -53 |      47 |    1081 |
| 656   |  0  |      16 |      47 |      47 |    1081 |
| 657   |  0  |      17 |      47 |      47 |    1081 |
| 658   |  0  |      17 |      47 |      47 |    1128 |
| 659   |  0  |      16 |      47 |      47 |    1128 |
| 660   |  0  |      16 |      47 |      48 |    1128 |
| 661   |  0  |       4 |      47 |      48 |    1128 |
| 662   |  0  |       4 |      47 |      48 |    1128 |
| 663   |  0  |      16 |      47 |      48 |    1128 |
| 664   |  0  |      16 |      48 |      48 |    1128 |
| 665   |  0  |     100 |      48 |      48 |    1128 |
| 666   |  0  |     100 |     -52 |      48 |    1128 |
| 667   |  0  |      18 |     -52 |      48 |    1128 |
| 668   |  0  |      18 |     -52 |      48 |    1128 |
| 669   |  0  |      16 |     -52 |      48 |    1128 |
| 670   |  0  |      16 |      48 |      48 |    1128 |
| 671   |  0  |      17 |      48 |      48 |    1128 |
| 672   |  0  |      17 |      48 |      48 |    1176 |
| 673   |  0  |      16 |      48 |      48 |    1176 |
| 674   |  0  |      16 |      48 |      49 |    1176 |
| 675   |  0  |       4 |      48 |      49 |    1176 |
| 676   |  0  |       4 |      48 |      49 |    1176 |
| 677   |  0  |      16 |      48 |      49 |    1176 |
| 678   |  0  |      16 |      49 |      49 |    1176 |
| 679   |  0  |     100 |      49 |      49 |    1176 |
| 680   |  0  |     100 |     -51 |      49 |    1176 |
| 681   |  0  |      18 |     -51 |      49 |    1176 |
| 682   |  0  |      18 |     -51 |      49 |    1176 |
| 683   |  0  |      16 |     -51 |      49 |    1176 |
| 684   |  0  |      16 |      49 |      49 |    1176 |
| 685   |  0  |      17 |      49 |      49 |    1176 |
| 686   |  0  |      17 |      49 |      49 |    1225 |
| 687   |  0  |      16 |      49 |      49 |    1225 |
| 688   |  0  |      16 |      49 |      50 |    1225 |
| 689   |  0  |       4 |      49 |      50 |    1225 |
| 690   |  0  |       4 |      49 |      50 |    1225 |
| 691   |  0  |      16 |      49 |      50 |    1225 |
| 692   |  0  |      16 |      50 |      50 |    1225 |
| 693   |  0  |     100 |      50 |      50 |    1225 |
| 694   |  0  |     100 |     -50 |      50 |    1225 |
| 695   |  0  |      18 |     -50 |      50 |    1225 |
| 696   |  0  |      18 |     -50 |      50 |    1225 |
| 697   |  0  |      16 |     -50 |      50 |    1225 |
| 698   |  0  |      16 |      50 |      50 |    1225 |
| 699   |  0  |      17 |      50 |      50 |    1225 |
| 700   |  0  |      17 |      50 |      50 |    1275 |
| 701   |  0  |      16 |      50 |      50 |    1275 |
| 702   |  0  |      16 |      50 |      51 |    1275 |
| 703   |  0  |       4 |      50 |      51 |    1275 |
| 704   |  0  |       4 |      50 |      51 |    1275 |
| 705   |  0  |      16 |      50 |      51 |    1275 |
| 706   |  0  |      16 |      51 |      51 |    1275 |
| 707   |  0  |     100 |      51 |      51 |    1275 |
| 708   |  0  |     100 |     -49 |      51 |    1275 |
| 709   |  0  |      18 |     -49 |      51 |    1275 |
| 710   |  0  |      18 |     -49 |      51 |    1275 |
| 711   |  0  |      16 |     -49 |      51 |    1275 |
| 712   |  0  |      16 |      51 |      51 |    1275 |
| 713   |  0  |      17 |      51 |      51 |    1275 |
| 714   |  0  |      17 |      51 |      51 |    1326 |
| 715   |  0  |      16 |      51 |      51 |    1326 |
| 716   |  0  |      16 |      51 |      52 |    1326 |
| 717   |  0  |       4 |      51 |      52 |    1326 |
| 718   |  0  |       4 |      51 |      52 |    1326 |
| 719   |  0  |      16 |      51 |      52 |    1326 |
| 720   |  0  |      16 |      52 |      52 |    1326 |
| 721   |  0  |     100 |      52 |      52 |    1326 |
| 722   |  0  |     100 |     -48 |      52 |    1326 |
| 723   |  0  |      18 |     -48 |      52 |    1326 |
| 724   |  0  |      18 |     -48 |      52 |    1326 |
| 725   |  0  |      16 |     -48 |      52 |    1326 |
| 726   |  0  |      16 |      52 |      52 |    1326 |
| 727   |  0  |      17 |      52 |      52 |    1326 |
| 728   |  0  |      17 |      52 |      52 |    1378 |
| 729   |  0  |      16 |      52 |      52 |    1378 |
| 730   |  0  |      16 |      52 |      53 |    1378 |
| 731   |  0  |       4 |      52 |      53 |    1378 |
| 732   |  0  |       4 |      52 |      53 |    1378 |
| 733   |  0  |      16 |      52 |      53 |    1378 |
| 734   |  0  |      16 |      53 |      53 |    1378 |
| 735   |  0  |     100 |      53 |      53 |    1378 |
| 736   |  0  |     100 |     -47 |      53 |    1378 |
| 737   |  0  |      18 |     -47 |      53 |    1378 |
| 738   |  0  |      18 |     -47 |      53 |    1378 |
| 739   |  0  |      16 |     -47 |      53 |    1378 |
| 740   |  0  |      16 |      53 |      53 |    1378 |
| 741   |  0  |      17 |      53 |      53 |    1378 |
| 742   |  0  |      17 |      53 |      53 |    1431 |
| 743   |  0  |      16 |      53 |      53 |    1431 |
| 744   |  0  |      16 |      53 |      54 |    1431 |
| 745   |  0  |       4 |      53 |      54 |    1431 |
| 746   |  0  |       4 |      53 |      54 |    1431 |
| 747   |  0  |      16 |      53 |      54 |    1431 |
| 748   |  0  |      16 |      54 |      54 |    1431 |
| 749   |  0  |     100 |      54 |      54 |    1431 |
| 750   |  0  |     100 |     -46 |      54 |    1431 |
| 751   |  0  |      18 |     -46 |      54 |    1431 |
| 752   |  0  |      18 |     -46 |      54 |    1431 |
| 753   |  0  |      16 |     -46 |      54 |    1431 |
| 754   |  0  |      16 |      54 |      54 |    1431 |
| 755   |  0  |      17 |      54 |      54 |    1431 |
| 756   |  0  |      17 |      54 |      54 |    1485 |
| 757   |  0  |      16 |      54 |      54 |    1485 |
| 758   |  0  |      16 |      54 |      55 |    1485 |
| 759   |  0  |       4 |      54 |      55 |    1485 |
| 760   |  0  |       4 |      54 |      55 |    1485 |
| 761   |  0  |      16 |      54 |      55 |    1485 |
| 762   |  0  |      16 |      55 |      55 |    1485 |
| 763   |  0  |     100 |      55 |      55 |    1485 |
| 764   |  0  |     100 |     -45 |      55 |    1485 |
| 765   |  0  |      18 |     -45 |      55 |    1485 |
| 766   |  0  |      18 |     -45 |      55 |    1485 |
| 767   |  0  |      16 |     -45 |      55 |    1485 |
| 768   |  0  |      16 |      55 |      55 |    1485 |
| 769   |  0  |      17 |      55 |      55 |    1485 |
| 770   |  0  |      17 |      55 |      55 |    1540 |
| 771   |  0  |      16 |      55 |      55 |    1540 |
| 772   |  0  |      16 |      55 |      56 |    1540 |
| 773   |  0  |       4 |      55 |      56 |    1540 |
| 774   |  0  |       4 |      55 |      56 |    1540 |
| 775   |  0  |      16 |      55 |      56 |    1540 |
| 776   |  0  |      16 |      56 |      56 |    1540 |
| 777   |  0  |     100 |      56 |      56 |    1540 |
| 778   |  0  |     100 |     -44 |      56 |    1540 |
| 779   |  0  |      18 |     -44 |      56 |    1540 |
| 780   |  0  |      18 |     -44 |      56 |    1540 |
| 781   |  0  |      16 |     -44 |      56 |    1540 |
| 782   |  0  |      16 |      56 |      56 |    1540 |
| 783   |  0  |      17 |      56 |      56 |    1540 |
| 784   |  0  |      17 |      56 |      56 |    1596 |
| 785   |  0  |      16 |      56 |      56 |    1596 |
| 786   |  0  |      16 |      56 |      57 |    1596 |
| 787   |  0  |       4 |      56 |      57 |    1596 |
| 788   |  0  |       4 |      56 |      57 |    1596 |
| 789   |  0  |      16 |      56 |      57 |    1596 |
| 790   |  0  |      16 |      57 |      57 |    1596 |
| 791   |  0  |     100 |      57 |      57 |    1596 |
| 792   |  0  |     100 |     -43 |      57 |    1596 |
| 793   |  0  |      18 |     -43 |      57 |    1596 |
| 794   |  0  |      18 |     -43 |      57 |    1596 |
| 795   |  0  |      16 |     -43 |      57 |    1596 |
| 796   |  0  |      16 |      57 |      57 |    1596 |
| 797   |  0  |      17 |      57 |      57 |    1596 |
| 798   |  0  |      17 |      57 |      57 |    1653 |
| 799   |  0  |      16 |      57 |      57 |    1653 |
| 800   |  0  |      16 |      57 |      58 |    1653 |
| 801   |  0  |       4 |      57 |      58 |    1653 |
| 802   |  0  |       4 |      57 |      58 |    1653 |
| 803   |  0  |      16 |      57 |      58 |    1653 |
| 804   |  0  |      16 |      58 |      58 |    1653 |
| 805   |  0  |     100 |      58 |      58 |    1653 |
| 806   |  0  |     100 |     -42 |      58 |    1653 |
| 807   |  0  |      18 |     -42 |      58 |    1653 |
| 808   |  0  |      18 |     -42 |      58 |    1653 |
| 809   |  0  |      16 |     -42 |      58 |    1653 |
| 810   |  0  |      16 |      58 |      58 |    1653 |
| 811   |  0  |      17 |      58 |      58 |    1653 |
| 812   |  0  |      17 |      58 |      58 |    1711 |
| 813   |  0  |      16 |      58 |      58 |    1711 |
| 814   |  0  |      16 |      58 |      59 |    1711 |
| 815   |  0  |       4 |      58 |      59 |    1711 |
| 816   |  0  |       4 |      58 |      59 |    1711 |
| 817   |  0  |      16 |      58 |      59 |    1711 |
| 818   |  0  |      16 |      59 |      59 |    1711 |
| 819   |  0  |     100 |      59 |      59 |    1711 |
| 820   |  0  |     100 |     -41 |      59 |    1711 |
| 821   |  0  |      18 |     -41 |      59 |    1711 |
| 822   |  0  |      18 |     -41 |      59 |    1711 |
| 823   |  0  |      16 |     -41 |      59 |    1711 |
| 824   |  0  |      16 |      59 |      59 |    1711 |
| 825   |  0  |      17 |      59 |      59 |    1711 |
| 826   |  0  |      17 |      59 |      59 |    1770 |
| 827   |  0  |      16 |      59 |      59 |    1770 |
| 828   |  0  |      16 |      59 |      60 |    1770 |
| 829   |  0  |       4 |      59 |      60 |    1770 |
| 830   |  0  |       4 |      59 |      60 |    1770 |
| 831   |  0  |      16 |      59 |      60 |    1770 |
| 832   |  0  |      16 |      60 |      60 |    1770 |
| 833   |  0  |     100 |      60 |      60 |    1770 |
| 834   |  0  |     100 |     -40 |      60 |    1770 |
| 835   |  0  |      18 |     -40 |      60 |    1770 |
| 836   |  0  |      18 |     -40 |      60 |    1770 |
| 837   |  0  |      16 |     -40 |      60 |    1770 |
| 838   |  0  |      16 |      60 |      60 |    1770 |
| 839   |  0  |      17 |      60 |      60 |    1770 |
| 840   |  0  |      17 |      60 |      60 |    1830 |
| 841   |  0  |      16 |      60 |      60 |    1830 |
| 842   |  0  |      16 |      60 |      61 |    1830 |
| 843   |  0  |       4 |      60 |      61 |    1830 |
| 844   |  0  |       4 |      60 |      61 |    1830 |
| 845   |  0  |      16 |      60 |      61 |    1830 |
| 846   |  0  |      16 |      61 |      61 |    1830 |
| 847   |  0  |     100 |      61 |      61 |    1830 |
| 848   |  0  |     100 |     -39 |      61 |    1830 |
| 849   |  0  |      18 |     -39 |      61 |    1830 |
| 850   |  0  |      18 |     -39 |      61 |    1830 |
| 851   |  0  |      16 |     -39 |      61 |    1830 |
| 852   |  0  |      16 |      61 |      61 |    1830 |
| 853   |  0  |      17 |      61 |      61 |    1830 |
| 854   |  0  |      17 |      61 |      61 |    1891 |
| 855   |  0  |      16 |      61 |      61 |    1891 |
| 856   |  0  |      16 |      61 |      62 |    1891 |
| 857   |  0  |       4 |      61 |      62 |    1891 |
| 858   |  0  |       4 |      61 |      62 |    1891 |
| 859   |  0  |      16 |      61 |      62 |    1891 |
| 860   |  0  |      16 |      62 |      62 |    1891 |
| 861   |  0  |     100 |      62 |      62 |    1891 |
| 862   |  0  |     100 |     -38 |      62 |    1891 |
| 863   |  0  |      18 |     -38 |      62 |    1891 |
| 864   |  0  |      18 |     -38 |      62 |    1891 |
| 865   |  0  |      16 |     -38 |      62 |    1891 |
| 866   |  0  |      16 |      62 |      62 |    1891 |
| 867   |  0  |      17 |      62 |      62 |    1891 |
| 868   |  0  |      17 |      62 |      62 |    1953 |
| 869   |  0  |      16 |      62 |      62 |    1953 |
| 870   |  0  |      16 |      62 |      63 |    1953 |
| 871   |  0  |       4 |      62 |      63 |    1953 |
| 872   |  0  |       4 |      62 |      63 |    1953 |
| 873   |  0  |      16 |      62 |      63 |    1953 |
| 874   |  0  |      16 |      63 |      63 |    1953 |
| 875   |  0  |     100 |      63 |      63 |    1953 |
| 876   |  0  |     100 |     -37 |      63 |    1953 |
| 877   |  0  |      18 |     -37 |      63 |    1953 |
| 878   |  0  |      18 |     -37 |      63 |    1953 |
| 879   |  0  |      16 |     -37 |      63 |    1953 |
| 880   |  0  |      16 |      63 |      63 |    1953 |
| 881   |  0  |      17 |      63 |      63 |    1953 |
| 882   |  0  |      17 |      63 |      63 |    2016 |
| 883   |  0  |      16 |      63 |      63 |    2016 |
| 884   |  0  |      16 |      63 |      64 |    2016 |
| 885   |  0  |       4 |      63 |      64 |    2016 |
| 886   |  0  |       4 |      63 |      64 |    2016 |
| 887   |  0  |      16 |      63 |      64 |    2016 |
| 888   |  0  |      16 |      64 |      64 |    2016 |
| 889   |  0  |     100 |      64 |      64 |    2016 |
| 890   |  0  |     100 |     -36 |      64 |    2016 |
| 891   |  0  |      18 |     -36 |      64 |    2016 |
| 892   |  0  |      18 |     -36 |      64 |    2016 |
| 893   |  0  |      16 |     -36 |      64 |    2016 |
| 894   |  0  |      16 |      64 |      64 |    2016 |
| 895   |  0  |      17 |      64 |      64 |    2016 |
| 896   |  0  |      17 |      64 |      64 |    2080 |
| 897   |  0  |      16 |      64 |      64 |    2080 |
| 898   |  0  |      16 |      64 |      65 |    2080 |
| 899   |  0  |       4 |      64 |      65 |    2080 |
| 900   |  0  |       4 |      64 |      65 |    2080 |
| 901   |  0  |      16 |      64 |      65 |    2080 |
| 902   |  0  |      16 |      65 |      65 |    2080 |
| 903   |  0  |     100 |      65 |      65 |    2080 |
| 904   |  0  |     100 |     -35 |      65 |    2080 |
| 905   |  0  |      18 |     -35 |      65 |    2080 |
| 906   |  0  |      18 |     -35 |      65 |    2080 |
| 907   |  0  |      16 |     -35 |      65 |    2080 |
| 908   |  0  |      16 |      65 |      65 |    2080 |
| 909   |  0  |      17 |      65 |      65 |    2080 |
| 910   |  0  |      17 |      65 |      65 |    2145 |
| 911   |  0  |      16 |      65 |      65 |    2145 |
| 912   |  0  |      16 |      65 |      66 |    2145 |
| 913   |  0  |       4 |      65 |      66 |    2145 |
| 914   |  0  |       4 |      65 |      66 |    2145 |
| 915   |  0  |      16 |      65 |      66 |    2145 |
| 916   |  0  |      16 |      66 |      66 |    2145 |
| 917   |  0  |     100 |      66 |      66 |    2145 |
| 918   |  0  |     100 |     -34 |      66 |    2145 |
| 919   |  0  |      18 |     -34 |      66 |    2145 |
| 920   |  0  |      18 |     -34 |      66 |    2145 |
| 921   |  0  |      16 |     -34 |      66 |    2145 |
| 922   |  0  |      16 |      66 |      66 |    2145 |
| 923   |  0  |      17 |      66 |      66 |    2145 |
| 924   |  0  |      17 |      66 |      66 |    2211 |
| 925   |  0  |      16 |      66 |      66 |    2211 |
| 926   |  0  |      16 |      66 |      67 |    2211 |
| 927   |  0  |       4 |      66 |      67 |    2211 |
| 928   |  0  |       4 |      66 |      67 |    2211 |
| 929   |  0  |      16 |      66 |      67 |    2211 |
| 930   |  0  |      16 |      67 |      67 |    2211 |
| 931   |  0  |     100 |      67 |      67 |    2211 |
| 932   |  0  |     100 |     -33 |      67 |    2211 |
| 933   |  0  |      18 |     -33 |      67 |    2211 |
| 934   |  0  |      18 |     -33 |      67 |    2211 |
| 935   |  0  |      16 |     -33 |      67 |    2211 |
| 936   |  0  |      16 |      67 |      67 |    2211 |
| 937   |  0  |      17 |      67 |      67 |    2211 |
| 938   |  0  |      17 |      67 |      67 |    2278 |
| 939   |  0  |      16 |      67 |      67 |    2278 |
| 940   |  0  |      16 |      67 |      68 |    2278 |
| 941   |  0  |       4 |      67 |      68 |    2278 |
| 942   |  0  |       4 |      67 |      68 |    2278 |
| 943   |  0  |      16 |      67 |      68 |    2278 |
| 944   |  0  |      16 |      68 |      68 |    2278 |
| 945   |  0  |     100 |      68 |      68 |    2278 |
| 946   |  0  |     100 |     -32 |      68 |    2278 |
| 947   |  0  |      18 |     -32 |      68 |    2278 |
| 948   |  0  |      18 |     -32 |      68 |    2278 |
| 949   |  0  |      16 |     -32 |      68 |    2278 |
| 950   |  0  |      16 |      68 |      68 |    2278 |
| 951   |  0  |      17 |      68 |      68 |    2278 |
| 952   |  0  |      17 |      68 |      68 |    2346 |
| 953   |  0  |      16 |      68 |      68 |    2346 |
| 954   |  0  |      16 |      68 |      69 |    2346 |
| 955   |  0  |       4 |      68 |      69 |    2346 |
| 956   |  0  |       4 |      68 |      69 |    2346 |
| 957   |  0  |      16 |      68 |      69 |    2346 |
| 958   |  0  |      16 |      69 |      69 |    2346 |
| 959   |  0  |     100 |      69 |      69 |    2346 |
| 960   |  0  |     100 |     -31 |      69 |    2346 |
| 961   |  0  |      18 |     -31 |      69 |    2346 |
| 962   |  0  |      18 |     -31 |      69 |    2346 |
| 963   |  0  |      16 |     -31 |      69 |    2346 |
| 964   |  0  |      16 |      69 |      69 |    2346 |
| 965   |  0  |      17 |      69 |      69 |    2346 |
| 966   |  0  |      17 |      69 |      69 |    2415 |
| 967   |  0  |      16 |      69 |      69 |    2415 |
| 968   |  0  |      16 |      69 |      70 |    2415 |
| 969   |  0  |       4 |      69 |      70 |    2415 |
| 970   |  0  |       4 |      69 |      70 |    2415 |
| 971   |  0  |      16 |      69 |      70 |    2415 |
| 972   |  0  |      16 |      70 |      70 |    2415 |
| 973   |  0  |     100 |      70 |      70 |    2415 |
| 974   |  0  |     100 |     -30 |      70 |    2415 |
| 975   |  0  |      18 |     -30 |      70 |    2415 |
| 976   |  0  |      18 |     -30 |      70 |    2415 |
| 977   |  0  |      16 |     -30 |      70 |    2415 |
| 978   |  0  |      16 |      70 |      70 |    2415 |
| 979   |  0  |      17 |      70 |      70 |    2415 |
| 980   |  0  |      17 |      70 |      70 |    2485 |
| 981   |  0  |      16 |      70 |      70 |    2485 |
| 982   |  0  |      16 |      70 |      71 |    2485 |
| 983   |  0  |       4 |      70 |      71 |    2485 |
| 984   |  0  |       4 |      70 |      71 |    2485 |
| 985   |  0  |      16 |      70 |      71 |    2485 |
| 986   |  0  |      16 |      71 |      71 |    2485 |
| 987   |  0  |     100 |      71 |      71 |    2485 |
| 988   |  0  |     100 |     -29 |      71 |    2485 |
| 989   |  0  |      18 |     -29 |      71 |    2485 |
| 990   |  0  |      18 |     -29 |      71 |    2485 |
| 991   |  0  |      16 |     -29 |      71 |    2485 |
| 992   |  0  |      16 |      71 |      71 |    2485 |
| 993   |  0  |      17 |      71 |      71 |    2485 |
| 994   |  0  |      17 |      71 |      71 |    2556 |
| 995   |  0  |      16 |      71 |      71 |    2556 |
| 996   |  0  |      16 |      71 |      72 |    2556 |
| 997   |  0  |       4 |      71 |      72 |    2556 |
| 998   |  0  |       4 |      71 |      72 |    2556 |
| 999   |  0  |      16 |      71 |      72 |    2556 |
| 1000  |  0  |      16 |      72 |      72 |    2556 |
| 1001  |  0  |     100 |      72 |      72 |    2556 |
| 1002  |  0  |     100 |     -28 |      72 |    2556 |
| 1003  |  0  |      18 |     -28 |      72 |    2556 |
| 1004  |  0  |      18 |     -28 |      72 |    2556 |
| 1005  |  0  |      16 |     -28 |      72 |    2556 |
| 1006  |  0  |      16 |      72 |      72 |    2556 |
| 1007  |  0  |      17 |      72 |      72 |    2556 |
| 1008  |  0  |      17 |      72 |      72 |    2628 |
| 1009  |  0  |      16 |      72 |      72 |    2628 |
| 1010  |  0  |      16 |      72 |      73 |    2628 |
| 1011  |  0  |       4 |      72 |      73 |    2628 |
| 1012  |  0  |       4 |      72 |      73 |    2628 |
| 1013  |  0  |      16 |      72 |      73 |    2628 |
| 1014  |  0  |      16 |      73 |      73 |    2628 |
| 1015  |  0  |     100 |      73 |      73 |    2628 |
| 1016  |  0  |     100 |     -27 |      73 |    2628 |
| 1017  |  0  |      18 |     -27 |      73 |    2628 |
| 1018  |  0  |      18 |     -27 |      73 |    2628 |
| 1019  |  0  |      16 |     -27 |      73 |    2628 |
| 1020  |  0  |      16 |      73 |      73 |    2628 |
| 1021  |  0  |      17 |      73 |      73 |    2628 |
| 1022  |  0  |      17 |      73 |      73 |    2701 |
| 1023  |  0  |      16 |      73 |      73 |    2701 |
| 1024  |  0  |      16 |      73 |      74 |    2701 |
| 1025  |  0  |       4 |      73 |      74 |    2701 |
| 1026  |  0  |       4 |      73 |      74 |    2701 |
| 1027  |  0  |      16 |      73 |      74 |    2701 |
| 1028  |  0  |      16 |      74 |      74 |    2701 |
| 1029  |  0  |     100 |      74 |      74 |    2701 |
| 1030  |  0  |     100 |     -26 |      74 |    2701 |
| 1031  |  0  |      18 |     -26 |      74 |    2701 |
| 1032  |  0  |      18 |     -26 |      74 |    2701 |
| 1033  |  0  |      16 |     -26 |      74 |    2701 |
| 1034  |  0  |      16 |      74 |      74 |    2701 |
| 1035  |  0  |      17 |      74 |      74 |    2701 |
| 1036  |  0  |      17 |      74 |      74 |    2775 |
| 1037  |  0  |      16 |      74 |      74 |    2775 |
| 1038  |  0  |      16 |      74 |      75 |    2775 |
| 1039  |  0  |       4 |      74 |      75 |    2775 |
| 1040  |  0  |       4 |      74 |      75 |    2775 |
| 1041  |  0  |      16 |      74 |      75 |    2775 |
| 1042  |  0  |      16 |      75 |      75 |    2775 |
| 1043  |  0  |     100 |      75 |      75 |    2775 |
| 1044  |  0  |     100 |     -25 |      75 |    2775 |
| 1045  |  0  |      18 |     -25 |      75 |    2775 |
| 1046  |  0  |      18 |     -25 |      75 |    2775 |
| 1047  |  0  |      16 |     -25 |      75 |    2775 |
| 1048  |  0  |      16 |      75 |      75 |    2775 |
| 1049  |  0  |      17 |      75 |      75 |    2775 |
| 1050  |  0  |      17 |      75 |      75 |    2850 |
| 1051  |  0  |      16 |      75 |      75 |    2850 |
| 1052  |  0  |      16 |      75 |      76 |    2850 |
| 1053  |  0  |       4 |      75 |      76 |    2850 |
| 1054  |  0  |       4 |      75 |      76 |    2850 |
| 1055  |  0  |      16 |      75 |      76 |    2850 |
| 1056  |  0  |      16 |      76 |      76 |    2850 |
| 1057  |  0  |     100 |      76 |      76 |    2850 |
| 1058  |  0  |     100 |     -24 |      76 |    2850 |
| 1059  |  0  |      18 |     -24 |      76 |    2850 |
| 1060  |  0  |      18 |     -24 |      76 |    2850 |
| 1061  |  0  |      16 |     -24 |      76 |    2850 |
| 1062  |  0  |      16 |      76 |      76 |    2850 |
| 1063  |  0  |      17 |      76 |      76 |    2850 |
| 1064  |  0  |      17 |      76 |      76 |    2926 |
| 1065  |  0  |      16 |      76 |      76 |    2926 |
| 1066  |  0  |      16 |      76 |      77 |    2926 |
| 1067  |  0  |       4 |      76 |      77 |    2926 |
| 1068  |  0  |       4 |      76 |      77 |    2926 |
| 1069  |  0  |      16 |      76 |      77 |    2926 |
| 1070  |  0  |      16 |      77 |      77 |    2926 |
| 1071  |  0  |     100 |      77 |      77 |    2926 |
| 1072  |  0  |     100 |     -23 |      77 |    2926 |
| 1073  |  0  |      18 |     -23 |      77 |    2926 |
| 1074  |  0  |      18 |     -23 |      77 |    2926 |
| 1075  |  0  |      16 |     -23 |      77 |    2926 |
| 1076  |  0  |      16 |      77 |      77 |    2926 |
| 1077  |  0  |      17 |      77 |      77 |    2926 |
| 1078  |  0  |      17 |      77 |      77 |    3003 |
| 1079  |  0  |      16 |      77 |      77 |    3003 |
| 1080  |  0  |      16 |      77 |      78 |    3003 |
| 1081  |  0  |       4 |      77 |      78 |    3003 |
| 1082  |  0  |       4 |      77 |      78 |    3003 |
| 1083  |  0  |      16 |      77 |      78 |    3003 |
| 1084  |  0  |      16 |      78 |      78 |    3003 |
| 1085  |  0  |     100 |      78 |      78 |    3003 |
| 1086  |  0  |     100 |     -22 |      78 |    3003 |
| 1087  |  0  |      18 |     -22 |      78 |    3003 |
| 1088  |  0  |      18 |     -22 |      78 |    3003 |
| 1089  |  0  |      16 |     -22 |      78 |    3003 |
| 1090  |  0  |      16 |      78 |      78 |    3003 |
| 1091  |  0  |      17 |      78 |      78 |    3003 |
| 1092  |  0  |      17 |      78 |      78 |    3081 |
| 1093  |  0  |      16 |      78 |      78 |    3081 |
| 1094  |  0  |      16 |      78 |      79 |    3081 |
| 1095  |  0  |       4 |      78 |      79 |    3081 |
| 1096  |  0  |       4 |      78 |      79 |    3081 |
| 1097  |  0  |      16 |      78 |      79 |    3081 |
| 1098  |  0  |      16 |      79 |      79 |    3081 |
| 1099  |  0  |     100 |      79 |      79 |    3081 |
| 1100  |  0  |     100 |     -21 |      79 |    3081 |
| 1101  |  0  |      18 |     -21 |      79 |    3081 |
| 1102  |  0  |      18 |     -21 |      79 |    3081 |
| 1103  |  0  |      16 |     -21 |      79 |    3081 |
| 1104  |  0  |      16 |      79 |      79 |    3081 |
| 1105  |  0  |      17 |      79 |      79 |    3081 |
| 1106  |  0  |      17 |      79 |      79 |    3160 |
| 1107  |  0  |      16 |      79 |      79 |    3160 |
| 1108  |  0  |      16 |      79 |      80 |    3160 |
| 1109  |  0  |       4 |      79 |      80 |    3160 |
| 1110  |  0  |       4 |      79 |      80 |    3160 |
| 1111  |  0  |      16 |      79 |      80 |    3160 |
| 1112  |  0  |      16 |      80 |      80 |    3160 |
| 1113  |  0  |     100 |      80 |      80 |    3160 |
| 1114  |  0  |     100 |     -20 |      80 |    3160 |
| 1115  |  0  |      18 |     -20 |      80 |    3160 |
| 1116  |  0  |      18 |     -20 |      80 |    3160 |
| 1117  |  0  |      16 |     -20 |      80 |    3160 |
| 1118  |  0  |      16 |      80 |      80 |    3160 |
| 1119  |  0  |      17 |      80 |      80 |    3160 |
| 1120  |  0  |      17 |      80 |      80 |    3240 |
| 1121  |  0  |      16 |      80 |      80 |    3240 |
| 1122  |  0  |      16 |      80 |      81 |    3240 |
| 1123  |  0  |       4 |      80 |      81 |    3240 |
| 1124  |  0  |       4 |      80 |      81 |    3240 |
| 1125  |  0  |      16 |      80 |      81 |    3240 |
| 1126  |  0  |      16 |      81 |      81 |    3240 |
| 1127  |  0  |     100 |      81 |      81 |    3240 |
| 1128  |  0  |     100 |     -19 |      81 |    3240 |
| 1129  |  0  |      18 |     -19 |      81 |    3240 |
| 1130  |  0  |      18 |     -19 |      81 |    3240 |
| 1131  |  0  |      16 |     -19 |      81 |    3240 |
| 1132  |  0  |      16 |      81 |      81 |    3240 |
| 1133  |  0  |      17 |      81 |      81 |    3240 |
| 1134  |  0  |      17 |      81 |      81 |    3321 |
| 1135  |  0  |      16 |      81 |      81 |    3321 |
| 1136  |  0  |      16 |      81 |      82 |    3321 |
| 1137  |  0  |       4 |      81 |      82 |    3321 |
| 1138  |  0  |       4 |      81 |      82 |    3321 |
| 1139  |  0  |      16 |      81 |      82 |    3321 |
| 1140  |  0  |      16 |      82 |      82 |    3321 |
| 1141  |  0  |     100 |      82 |      82 |    3321 |
| 1142  |  0  |     100 |     -18 |      82 |    3321 |
| 1143  |  0  |      18 |     -18 |      82 |    3321 |
| 1144  |  0  |      18 |     -18 |      82 |    3321 |
| 1145  |  0  |      16 |     -18 |      82 |    3321 |
| 1146  |  0  |      16 |      82 |      82 |    3321 |
| 1147  |  0  |      17 |      82 |      82 |    3321 |
| 1148  |  0  |      17 |      82 |      82 |    3403 |
| 1149  |  0  |      16 |      82 |      82 |    3403 |
| 1150  |  0  |      16 |      82 |      83 |    3403 |
| 1151  |  0  |       4 |      82 |      83 |    3403 |
| 1152  |  0  |       4 |      82 |      83 |    3403 |
| 1153  |  0  |      16 |      82 |      83 |    3403 |
| 1154  |  0  |      16 |      83 |      83 |    3403 |
| 1155  |  0  |     100 |      83 |      83 |    3403 |
| 1156  |  0  |     100 |     -17 |      83 |    3403 |
| 1157  |  0  |      18 |     -17 |      83 |    3403 |
| 1158  |  0  |      18 |     -17 |      83 |    3403 |
| 1159  |  0  |      16 |     -17 |      83 |    3403 |
| 1160  |  0  |      16 |      83 |      83 |    3403 |
| 1161  |  0  |      17 |      83 |      83 |    3403 |
| 1162  |  0  |      17 |      83 |      83 |    3486 |
| 1163  |  0  |      16 |      83 |      83 |    3486 |
| 1164  |  0  |      16 |      83 |      84 |    3486 |
| 1165  |  0  |       4 |      83 |      84 |    3486 |
| 1166  |  0  |       4 |      83 |      84 |    3486 |
| 1167  |  0  |      16 |      83 |      84 |    3486 |
| 1168  |  0  |      16 |      84 |      84 |    3486 |
| 1169  |  0  |     100 |      84 |      84 |    3486 |
| 1170  |  0  |     100 |     -16 |      84 |    3486 |
| 1171  |  0  |      18 |     -16 |      84 |    3486 |
| 1172  |  0  |      18 |     -16 |      84 |    3486 |
| 1173  |  0  |      16 |     -16 |      84 |    3486 |
| 1174  |  0  |      16 |      84 |      84 |    3486 |
| 1175  |  0  |      17 |      84 |      84 |    3486 |
| 1176  |  0  |      17 |      84 |      84 |    3570 |
| 1177  |  0  |      16 |      84 |      84 |    3570 |
| 1178  |  0  |      16 |      84 |      85 |    3570 |
| 1179  |  0  |       4 |      84 |      85 |    3570 |
| 1180  |  0  |       4 |      84 |      85 |    3570 |
| 1181  |  0  |      16 |      84 |      85 |    3570 |
| 1182  |  0  |      16 |      85 |      85 |    3570 |
| 1183  |  0  |     100 |      85 |      85 |    3570 |
| 1184  |  0  |     100 |     -15 |      85 |    3570 |
| 1185  |  0  |      18 |     -15 |      85 |    3570 |
| 1186  |  0  |      18 |     -15 |      85 |    3570 |
| 1187  |  0  |      16 |     -15 |      85 |    3570 |
| 1188  |  0  |      16 |      85 |      85 |    3570 |
| 1189  |  0  |      17 |      85 |      85 |    3570 |
| 1190  |  0  |      17 |      85 |      85 |    3655 |
| 1191  |  0  |      16 |      85 |      85 |    3655 |
| 1192  |  0  |      16 |      85 |      86 |    3655 |
| 1193  |  0  |       4 |      85 |      86 |    3655 |
| 1194  |  0  |       4 |      85 |      86 |    3655 |
| 1195  |  0  |      16 |      85 |      86 |    3655 |
| 1196  |  0  |      16 |      86 |      86 |    3655 |
| 1197  |  0  |     100 |      86 |      86 |    3655 |
| 1198  |  0  |     100 |     -14 |      86 |    3655 |
| 1199  |  0  |      18 |     -14 |      86 |    3655 |
| 1200  |  0  |      18 |     -14 |      86 |    3655 |
| 1201  |  0  |      16 |     -14 |      86 |    3655 |
| 1202  |  0  |      16 |      86 |      86 |    3655 |
| 1203  |  0  |      17 |      86 |      86 |    3655 |
| 1204  |  0  |      17 |      86 |      86 |    3741 |
| 1205  |  0  |      16 |      86 |      86 |    3741 |
| 1206  |  0  |      16 |      86 |      87 |    3741 |
| 1207  |  0  |       4 |      86 |      87 |    3741 |
| 1208  |  0  |       4 |      86 |      87 |    3741 |
| 1209  |  0  |      16 |      86 |      87 |    3741 |
| 1210  |  0  |      16 |      87 |      87 |    3741 |
| 1211  |  0  |     100 |      87 |      87 |    3741 |
| 1212  |  0  |     100 |     -13 |      87 |    3741 |
| 1213  |  0  |      18 |     -13 |      87 |    3741 |
| 1214  |  0  |      18 |     -13 |      87 |    3741 |
| 1215  |  0  |      16 |     -13 |      87 |    3741 |
| 1216  |  0  |      16 |      87 |      87 |    3741 |
| 1217  |  0  |      17 |      87 |      87 |    3741 |
| 1218  |  0  |      17 |      87 |      87 |    3828 |
| 1219  |  0  |      16 |      87 |      87 |    3828 |
| 1220  |  0  |      16 |      87 |      88 |    3828 |
| 1221  |  0  |       4 |      87 |      88 |    3828 |
| 1222  |  0  |       4 |      87 |      88 |    3828 |
| 1223  |  0  |      16 |      87 |      88 |    3828 |
| 1224  |  0  |      16 |      88 |      88 |    3828 |
| 1225  |  0  |     100 |      88 |      88 |    3828 |
| 1226  |  0  |     100 |     -12 |      88 |    3828 |
| 1227  |  0  |      18 |     -12 |      88 |    3828 |
| 1228  |  0  |      18 |     -12 |      88 |    3828 |
| 1229  |  0  |      16 |     -12 |      88 |    3828 |
| 1230  |  0  |      16 |      88 |      88 |    3828 |
| 1231  |  0  |      17 |      88 |      88 |    3828 |
| 1232  |  0  |      17 |      88 |      88 |    3916 |
| 1233  |  0  |      16 |      88 |      88 |    3916 |
| 1234  |  0  |      16 |      88 |      89 |    3916 |
| 1235  |  0  |       4 |      88 |      89 |    3916 |
| 1236  |  0  |       4 |      88 |      89 |    3916 |
| 1237  |  0  |      16 |      88 |      89 |    3916 |
| 1238  |  0  |      16 |      89 |      89 |    3916 |
| 1239  |  0  |     100 |      89 |      89 |    3916 |
| 1240  |  0  |     100 |     -11 |      89 |    3916 |
| 1241  |  0  |      18 |     -11 |      89 |    3916 |
| 1242  |  0  |      18 |     -11 |      89 |    3916 |
| 1243  |  0  |      16 |     -11 |      89 |    3916 |
| 1244  |  0  |      16 |      89 |      89 |    3916 |
| 1245  |  0  |      17 |      89 |      89 |    3916 |
| 1246  |  0  |      17 |      89 |      89 |    4005 |
| 1247  |  0  |      16 |      89 |      89 |    4005 |
| 1248  |  0  |      16 |      89 |      90 |    4005 |
| 1249  |  0  |       4 |      89 |      90 |    4005 |
| 1250  |  0  |       4 |      89 |      90 |    4005 |
| 1251  |  0  |      16 |      89 |      90 |    4005 |
| 1252  |  0  |      16 |      90 |      90 |    4005 |
| 1253  |  0  |     100 |      90 |      90 |    4005 |
| 1254  |  0  |     100 |     -10 |      90 |    4005 |
| 1255  |  0  |      18 |     -10 |      90 |    4005 |
| 1256  |  0  |      18 |     -10 |      90 |    4005 |
| 1257  |  0  |      16 |     -10 |      90 |    4005 |
| 1258  |  0  |      16 |      90 |      90 |    4005 |
| 1259  |  0  |      17 |      90 |      90 |    4005 |
| 1260  |  0  |      17 |      90 |      90 |    4095 |
| 1261  |  0  |      16 |      90 |      90 |    4095 |
| 1262  |  0  |      16 |      90 |      91 |    4095 |
| 1263  |  0  |       4 |      90 |      91 |    4095 |
| 1264  |  0  |       4 |      90 |      91 |    4095 |
| 1265  |  0  |      16 |      90 |      91 |    4095 |
| 1266  |  0  |      16 |      91 |      91 |    4095 |
| 1267  |  0  |     100 |      91 |      91 |    4095 |
| 1268  |  0  |     100 |      -9 |      91 |    4095 |
| 1269  |  0  |      18 |      -9 |      91 |    4095 |
| 1270  |  0  |      18 |      -9 |      91 |    4095 |
| 1271  |  0  |      16 |      -9 |      91 |    4095 |
| 1272  |  0  |      16 |      91 |      91 |    4095 |
| 1273  |  0  |      17 |      91 |      91 |    4095 |
| 1274  |  0  |      17 |      91 |      91 |    4186 |
| 1275  |  0  |      16 |      91 |      91 |    4186 |
| 1276  |  0  |      16 |      91 |      92 |    4186 |
| 1277  |  0  |       4 |      91 |      92 |    4186 |
| 1278  |  0  |       4 |      91 |      92 |    4186 |
| 1279  |  0  |      16 |      91 |      92 |    4186 |
| 1280  |  0  |      16 |      92 |      92 |    4186 |
| 1281  |  0  |     100 |      92 |      92 |    4186 |
| 1282  |  0  |     100 |      -8 |      92 |    4186 |
| 1283  |  0  |      18 |      -8 |      92 |    4186 |
| 1284  |  0  |      18 |      -8 |      92 |    4186 |
| 1285  |  0  |      16 |      -8 |      92 |    4186 |
| 1286  |  0  |      16 |      92 |      92 |    4186 |
| 1287  |  0  |      17 |      92 |      92 |    4186 |
| 1288  |  0  |      17 |      92 |      92 |    4278 |
| 1289  |  0  |      16 |      92 |      92 |    4278 |
| 1290  |  0  |      16 |      92 |      93 |    4278 |
| 1291  |  0  |       4 |      92 |      93 |    4278 |
| 1292  |  0  |       4 |      92 |      93 |    4278 |
| 1293  |  0  |      16 |      92 |      93 |    4278 |
| 1294  |  0  |      16 |      93 |      93 |    4278 |
| 1295  |  0  |     100 |      93 |      93 |    4278 |
| 1296  |  0  |     100 |      -7 |      93 |    4278 |
| 1297  |  0  |      18 |      -7 |      93 |    4278 |
| 1298  |  0  |      18 |      -7 |      93 |    4278 |
| 1299  |  0  |      16 |      -7 |      93 |    4278 |
| 1300  |  0  |      16 |      93 |      93 |    4278 |
| 1301  |  0  |      17 |      93 |      93 |    4278 |
| 1302  |  0  |      17 |      93 |      93 |    4371 |
| 1303  |  0  |      16 |      93 |      93 |    4371 |
| 1304  |  0  |      16 |      93 |      94 |    4371 |
| 1305  |  0  |       4 |      93 |      94 |    4371 |
| 1306  |  0  |       4 |      93 |      94 |    4371 |
| 1307  |  0  |      16 |      93 |      94 |    4371 |
| 1308  |  0  |      16 |      94 |      94 |    4371 |
| 1309  |  0  |     100 |      94 |      94 |    4371 |
| 1310  |  0  |     100 |      -6 |      94 |    4371 |
| 1311  |  0  |      18 |      -6 |      94 |    4371 |
| 1312  |  0  |      18 |      -6 |      94 |    4371 |
| 1313  |  0  |      16 |      -6 |      94 |    4371 |
| 1314  |  0  |      16 |      94 |      94 |    4371 |
| 1315  |  0  |      17 |      94 |      94 |    4371 |
| 1316  |  0  |      17 |      94 |      94 |    4465 |
| 1317  |  0  |      16 |      94 |      94 |    4465 |
| 1318  |  0  |      16 |      94 |      95 |    4465 |
| 1319  |  0  |       4 |      94 |      95 |    4465 |
| 1320  |  0  |       4 |      94 |      95 |    4465 |
| 1321  |  0  |      16 |      94 |      95 |    4465 |
| 1322  |  0  |      16 |      95 |      95 |    4465 |
| 1323  |  0  |     100 |      95 |      95 |    4465 |
| 1324  |  0  |     100 |      -5 |      95 |    4465 |
| 1325  |  0  |      18 |      -5 |      95 |    4465 |
| 1326  |  0  |      18 |      -5 |      95 |    4465 |
| 1327  |  0  |      16 |      -5 |      95 |    4465 |
| 1328  |  0  |      16 |      95 |      95 |    4465 |
| 1329  |  0  |      17 |      95 |      95 |    4465 |
| 1330  |  0  |      17 |      95 |      95 |    4560 |
| 1331  |  0  |      16 |      95 |      95 |    4560 |
| 1332  |  0  |      16 |      95 |      96 |    4560 |
| 1333  |  0  |       4 |      95 |      96 |    4560 |
| 1334  |  0  |       4 |      95 |      96 |    4560 |
| 1335  |  0  |      16 |      95 |      96 |    4560 |
| 1336  |  0  |      16 |      96 |      96 |    4560 |
| 1337  |  0  |     100 |      96 |      96 |    4560 |
| 1338  |  0  |     100 |      -4 |      96 |    4560 |
| 1339  |  0  |      18 |      -4 |      96 |    4560 |
| 1340  |  0  |      18 |      -4 |      96 |    4560 |
| 1341  |  0  |      16 |      -4 |      96 |    4560 |
| 1342  |  0  |      16 |      96 |      96 |    4560 |
| 1343  |  0  |      17 |      96 |      96 |    4560 |
| 1344  |  0  |      17 |      96 |      96 |    4656 |
| 1345  |  0  |      16 |      96 |      96 |    4656 |
| 1346  |  0  |      16 |      96 |      97 |    4656 |
| 1347  |  0  |       4 |      96 |      97 |    4656 |
| 1348  |  0  |       4 |      96 |      97 |    4656 |
| 1349  |  0  |      16 |      96 |      97 |    4656 |
| 1350  |  0  |      16 |      97 |      97 |    4656 |
| 1351  |  0  |     100 |      97 |      97 |    4656 |
| 1352  |  0  |     100 |      -3 |      97 |    4656 |
| 1353  |  0  |      18 |      -3 |      97 |    4656 |
| 1354  |  0  |      18 |      -3 |      97 |    4656 |
| 1355  |  0  |      16 |      -3 |      97 |    4656 |
| 1356  |  0  |      16 |      97 |      97 |    4656 |
| 1357  |  0  |      17 |      97 |      97 |    4656 |
| 1358  |  0  |      17 |      97 |      97 |    4753 |
| 1359  |  0  |      16 |      97 |      97 |    4753 |
| 1360  |  0  |      16 |      97 |      98 |    4753 |
| 1361  |  0  |       4 |      97 |      98 |    4753 |
| 1362  |  0  |       4 |      97 |      98 |    4753 |
| 1363  |  0  |      16 |      97 |      98 |    4753 |
| 1364  |  0  |      16 |      98 |      98 |    4753 |
| 1365  |  0  |     100 |      98 |      98 |    4753 |
| 1366  |  0  |     100 |      -2 |      98 |    4753 |
| 1367  |  0  |      18 |      -2 |      98 |    4753 |
| 1368  |  0  |      18 |      -2 |      98 |    4753 |
| 1369  |  0  |      16 |      -2 |      98 |    4753 |
| 1370  |  0  |      16 |      98 |      98 |    4753 |
| 1371  |  0  |      17 |      98 |      98 |    4753 |
| 1372  |  0  |      17 |      98 |      98 |    4851 |
| 1373  |  0  |      16 |      98 |      98 |    4851 |
| 1374  |  0  |      16 |      98 |      99 |    4851 |
| 1375  |  0  |       4 |      98 |      99 |    4851 |
| 1376  |  0  |       4 |      98 |      99 |    4851 |
| 1377  |  0  |      16 |      98 |      99 |    4851 |
| 1378  |  0  |      16 |      99 |      99 |    4851 |
| 1379  |  0  |     100 |      99 |      99 |    4851 |
| 1380  |  0  |     100 |      -1 |      99 |    4851 |
| 1381  |  0  |      18 |      -1 |      99 |    4851 |
| 1382  |  0  |      18 |      -1 |      99 |    4851 |
| 1383  |  0  |      16 |      -1 |      99 |    4851 |
| 1384  |  0  |      16 |      99 |      99 |    4851 |
| 1385  |  0  |      17 |      99 |      99 |    4851 |
| 1386  |  0  |      17 |      99 |      99 |    4950 |
| 1387  |  0  |      16 |      99 |      99 |    4950 |
| 1388  |  0  |      16 |      99 |     100 |    4950 |
| 1389  |  0  |       4 |      99 |     100 |    4950 |
| 1390  |  0  |       4 |      99 |     100 |    4950 |
| 1391  |  0  |      16 |      99 |     100 |    4950 |
| 1392  |  0  |      16 |     100 |     100 |    4950 |
| 1393  |  0  |     100 |     100 |     100 |    4950 |
| 1394  |  0  |     100 |       0 |     100 |    4950 |
| 1395  |  0  |      18 |       0 |     100 |    4950 |
| 1396  |  0  |      18 |       0 |     100 |    4950 |
| 1397  |  0  |      18 |       0 |     100 |    4950 |
| 1398  |  0  |      18 |       0 |     100 |    4950 |
| 1399  |  0  |      18 |       0 |     100 |    4950 |
| 1400  |  0  |      18 |       0 |     100 |    4950 |
